--- adb starting (pid 13872) ---
adb I 13872 13872 main.cpp:78] Android Debug Bridge version 1.0.36
adb I 13872 13872 main.cpp:78] Revision af05c7354fe1-android
adb I 13872 13872 main.cpp:78] 
adb server killed by remote request
--- adb starting (pid 8248) ---
adb I 10-14 12:16:10  8248  8248 main.cpp:57] Android Debug Bridge version 1.0.39
adb I 10-14 12:16:10  8248  8248 main.cpp:57] Version 1:8.1.0+r23-5~18.04
adb I 10-14 12:16:10  8248  8248 main.cpp:57] Installed as /usr/lib/android-sdk/platform-tools/adb
adb I 10-14 12:16:10  8248  8248 main.cpp:57] 
adb I 10-14 12:16:10  8248  8248 adb_auth_host.cpp:416] adb_auth_init...
adb I 10-14 12:16:10  8248  8248 adb_auth_host.cpp:174] read_key_file '/home/mohan/.android/adbkey'...
adb I 10-14 12:16:10  8248  8248 adb_auth_host.cpp:391] adb_auth_inotify_init...
--- adb starting (pid 8028) ---
adb I 10-14 18:30:15  8028  8028 main.cpp:57] Android Debug Bridge version 1.0.39
adb I 10-14 18:30:15  8028  8028 main.cpp:57] Version 1:8.1.0+r23-5~18.04
adb I 10-14 18:30:15  8028  8028 main.cpp:57] Installed as /usr/lib/android-sdk/platform-tools/adb
adb I 10-14 18:30:15  8028  8028 main.cpp:57] 
adb I 10-14 18:30:15  8028  8028 adb_auth_host.cpp:416] adb_auth_init...
adb I 10-14 18:30:15  8028  8028 adb_auth_host.cpp:174] read_key_file '/home/mohan/.android/adbkey'...
adb I 10-14 18:30:15  8028  8028 adb_auth_host.cpp:391] adb_auth_inotify_init...
--- adb starting (pid 9806) ---
adb I 10-14 21:19:52  9806  9806 main.cpp:57] Android Debug Bridge version 1.0.39
adb I 10-14 21:19:52  9806  9806 main.cpp:57] Version 1:8.1.0+r23-5~18.04
adb I 10-14 21:19:52  9806  9806 main.cpp:57] Installed as /usr/lib/android-sdk/platform-tools/adb
adb I 10-14 21:19:52  9806  9806 main.cpp:57] 
adb I 10-14 21:19:52  9806  9806 adb_auth_host.cpp:416] adb_auth_init...
adb I 10-14 21:19:52  9806  9806 adb_auth_host.cpp:174] read_key_file '/home/mohan/.android/adbkey'...
adb I 10-14 21:19:52  9806  9806 adb_auth_host.cpp:391] adb_auth_inotify_init...
--- adb starting (pid 12058) ---
adb I 10-15 10:21:10 12058 12058 main.cpp:57] Android Debug Bridge version 1.0.39
adb I 10-15 10:21:10 12058 12058 main.cpp:57] Version 1:8.1.0+r23-5~18.04
adb I 10-15 10:21:10 12058 12058 main.cpp:57] Installed as /usr/lib/android-sdk/platform-tools/adb
adb I 10-15 10:21:10 12058 12058 main.cpp:57] 
adb I 10-15 10:21:10 12058 12058 adb_auth_host.cpp:416] adb_auth_init...
adb I 10-15 10:21:10 12058 12058 adb_auth_host.cpp:174] read_key_file '/home/mohan/.android/adbkey'...
adb I 10-15 10:21:10 12058 12058 adb_auth_host.cpp:391] adb_auth_inotify_init...
